d:\1`university\ооп\lw5\cmystring\cmystring\debug\vc142.pdb
d:\1`university\ооп\lw5\cmystring\cmystring\debug\vc142.idb
d:\1`university\ооп\lw5\cmystring\cmystring\debug\tests.obj
d:\1`university\ооп\lw5\cmystring\cmystring\debug\cmystring.obj
d:\1`university\ооп\lw5\cmystring\debug\cmystring.pdb
d:\1`university\ооп\lw5\cmystring\cmystring\debug\cmystring.tlog\cl.command.1.tlog
d:\1`university\ооп\lw5\cmystring\cmystring\debug\cmystring.tlog\cl.read.1.tlog
d:\1`university\ооп\lw5\cmystring\cmystring\debug\cmystring.tlog\cl.write.1.tlog
d:\1`university\ооп\lw5\cmystring\cmystring\debug\cmystring.tlog\link-cvtres.read.1.tlog
d:\1`university\ооп\lw5\cmystring\cmystring\debug\cmystring.tlog\link-cvtres.write.1.tlog
d:\1`university\ооп\lw5\cmystring\cmystring\debug\cmystring.tlog\link-rc.read.1.tlog
d:\1`university\ооп\lw5\cmystring\cmystring\debug\cmystring.tlog\link-rc.write.1.tlog
d:\1`university\ооп\lw5\cmystring\cmystring\debug\cmystring.tlog\link.11232-cvtres.read.1.tlog
d:\1`university\ооп\lw5\cmystring\cmystring\debug\cmystring.tlog\link.11232-cvtres.write.1.tlog
d:\1`university\ооп\lw5\cmystring\cmystring\debug\cmystring.tlog\link.11232-rc.read.1.tlog
d:\1`university\ооп\lw5\cmystring\cmystring\debug\cmystring.tlog\link.11232-rc.write.1.tlog
d:\1`university\ооп\lw5\cmystring\cmystring\debug\cmystring.tlog\link.11232.read.1.tlog
d:\1`university\ооп\lw5\cmystring\cmystring\debug\cmystring.tlog\link.11232.write.1.tlog
d:\1`university\ооп\lw5\cmystring\cmystring\debug\cmystring.tlog\link.command.1.tlog
d:\1`university\ооп\lw5\cmystring\cmystring\debug\cmystring.tlog\link.read.1.tlog
d:\1`university\ооп\lw5\cmystring\cmystring\debug\cmystring.tlog\link.write.1.tlog
