d:\1`university\ооп\lw4\cbody\cbody\debug\vc142.pdb
d:\1`university\ооп\lw4\cbody\cbody\debug\vc142.idb
d:\1`university\ооп\lw4\cbody\cbody\debug\cshere.obj
d:\1`university\ооп\lw4\cbody\cbody\debug\cparallelepiped.obj
d:\1`university\ооп\lw4\cbody\cbody\debug\ccylinder.obj
d:\1`university\ооп\lw4\cbody\cbody\debug\ccone.obj
d:\1`university\ооп\lw4\cbody\cbody\debug\csolidbody.obj
d:\1`university\ооп\lw4\cbody\cbody\debug\cbody.obj
d:\1`university\ооп\lw4\cbody\cbody\debug\main.obj
d:\1`university\ооп\lw4\cbody\cbody\debug\ccompound.obj
d:\1`university\ооп\lw4\cbody\cbody\debug\nativecodeanalysis.read.1.tlog
d:\1`university\ооп\lw4\cbody\cbody\debug\main.nativecodeanalysis.xml
d:\1`university\ооп\lw4\cbody\cbody\debug\vc.nativecodeanalysis.all.xml
d:\1`university\ооп\lw4\cbody\debug\cbody.pdb
d:\1`university\ооп\lw4\cbody\cbody\debug\cbody.tlog\cl.command.1.tlog
d:\1`university\ооп\lw4\cbody\cbody\debug\cbody.tlog\cl.read.1.tlog
d:\1`university\ооп\lw4\cbody\cbody\debug\cbody.tlog\cl.write.1.tlog
d:\1`university\ооп\lw4\cbody\cbody\debug\cbody.tlog\link-cvtres.read.1.tlog
d:\1`university\ооп\lw4\cbody\cbody\debug\cbody.tlog\link-cvtres.write.1.tlog
d:\1`university\ооп\lw4\cbody\cbody\debug\cbody.tlog\link-rc.read.1.tlog
d:\1`university\ооп\lw4\cbody\cbody\debug\cbody.tlog\link-rc.write.1.tlog
d:\1`university\ооп\lw4\cbody\cbody\debug\cbody.tlog\link.11932-cvtres.read.1.tlog
d:\1`university\ооп\lw4\cbody\cbody\debug\cbody.tlog\link.11932-cvtres.write.1.tlog
d:\1`university\ооп\lw4\cbody\cbody\debug\cbody.tlog\link.11932-rc.read.1.tlog
d:\1`university\ооп\lw4\cbody\cbody\debug\cbody.tlog\link.11932-rc.write.1.tlog
d:\1`university\ооп\lw4\cbody\cbody\debug\cbody.tlog\link.11932.read.1.tlog
d:\1`university\ооп\lw4\cbody\cbody\debug\cbody.tlog\link.11932.write.1.tlog
d:\1`university\ооп\lw4\cbody\cbody\debug\cbody.tlog\link.command.1.tlog
d:\1`university\ооп\lw4\cbody\cbody\debug\cbody.tlog\link.read.1.tlog
d:\1`university\ооп\lw4\cbody\cbody\debug\cbody.tlog\link.write.1.tlog
